14
-59
-55
-16
-10
-22
-24
-40
-51
-18
-57
-14
-10
-22
-41
-18
-10
-35
-55
-18
-10
-77
-35
-41
-18
-41
-18
-10
-35
-56
-17
-10
-35
-40
-19
-10
-35
-56
-18
-57
-14
-55
-47
-21
-10
-22
-24
-10
-22
-10
-39
-53
-17
-11
-34
-11
-44
-15
-10
-22
-11
-35
-55
-17
-10
-35
-41
-18
-42
-18
-10
-35
-11
-43
-16
-44
-15
-44
-14
-10
-22
-11
-35
-39
-20
-10
-43
-15
-10
-22
-41
-18
-41
-18
-11
-35
-41
-20
-54
-16
-43
-16
-11
-23
-53
-18
-11
-34
-11
-43
-15
-11
-27
-51
-16
-10
-22
-11
-44
-16
-42
-15
-45
-15
-35
-23
-36
-54
-17
-10
-35
-40
-19
-11
-45
-14
-10
-22
-41
-19
-57
-14
-11
-24
-54
-17
-42
-16
-10
-22
-55
-18
-41
-17
-10
-35
-10
-36
-23
-36
-55
-17
-10
-36
-40
-21
-55
-16
-43
-15
-10
-22
-56
-17
